This is pdfTeX, Version 3.1415926-2.3-1.40.12 (MiKTeX 2.9) (preloaded format=latex 2012.10.14)  14 OCT 2012 23:23
entering extended mode
**Memory.tex
(C:\Users\Marc\Documents\UAB\Memory\Memory.tex
LaTeX2e <2011/06/27>
Babel <v3.8m> and hyphenation patterns for english, afrikaans, ancientgreek, ar
abic, armenian, assamese, basque, bengali, bokmal, bulgarian, catalan, coptic, 
croatian, czech, danish, dutch, esperanto, estonian, farsi, finnish, french, ga
lician, german, german-x-2009-06-19, greek, gujarati, hindi, hungarian, iceland
ic, indonesian, interlingua, irish, italian, kannada, kurmanji, lao, latin, lat
vian, lithuanian, malayalam, marathi, mongolian, mongolianlmc, monogreek, ngerm
an, ngerman-x-2009-06-19, nynorsk, oriya, panjabi, pinyin, polish, portuguese, 
romanian, russian, sanskrit, serbian, slovak, slovenian, spanish, swedish, swis
sgerman, tamil, telugu, turkish, turkmen, ukenglish, ukrainian, uppersorbian, u
senglishmax, welsh, loaded.
("C:\Program Files (x86)\MiKTeX 2.9\tex\latex\base\book.cls"
Document Class: book 2007/10/19 v1.4h Standard LaTeX document class
("C:\Program Files (x86)\MiKTeX 2.9\tex\latex\base\bk11.clo"
File: bk11.clo 2007/10/19 v1.4h Standard LaTeX file (size option)
)
\c@part=\count79
\c@chapter=\count80
\c@section=\count81
\c@subsection=\count82
\c@subsubsection=\count83
\c@paragraph=\count84
\c@subparagraph=\count85
\c@figure=\count86
\c@table=\count87
\abovecaptionskip=\skip41
\belowcaptionskip=\skip42
\bibindent=\dimen102
)
("C:\Program Files (x86)\MiKTeX 2.9\tex\latex\graphics\graphicx.sty"
Package: graphicx 1999/02/16 v1.0f Enhanced LaTeX Graphics (DPC,SPQR)

("C:\Program Files (x86)\MiKTeX 2.9\tex\latex\graphics\keyval.sty"
Package: keyval 1999/03/16 v1.13 key=value parser (DPC)
\KV@toks@=\toks14
)
("C:\Program Files (x86)\MiKTeX 2.9\tex\latex\graphics\graphics.sty"
Package: graphics 2009/02/05 v1.0o Standard LaTeX Graphics (DPC,SPQR)

("C:\Program Files (x86)\MiKTeX 2.9\tex\latex\graphics\trig.sty"
Package: trig 1999/03/16 v1.09 sin cos tan (DPC)
)
("C:\Program Files (x86)\MiKTeX 2.9\tex\latex\00miktex\graphics.cfg"
File: graphics.cfg 2007/01/18 v1.5 graphics configuration of teTeX/TeXLive
)
Package graphics Info: Driver file: dvips.def on input line 91.

("C:\Program Files (x86)\MiKTeX 2.9\tex\latex\graphics\dvips.def"
File: dvips.def 1999/02/16 v3.0i Driver-dependant file (DPC,SPQR)
))
\Gin@req@height=\dimen103
\Gin@req@width=\dimen104
)
("C:\Program Files (x86)\MiKTeX 2.9\tex\latex\base\fontenc.sty"
Package: fontenc 2005/09/27 v1.99g Standard LaTeX package

("C:\Program Files (x86)\MiKTeX 2.9\tex\latex\base\t1enc.def"
File: t1enc.def 2005/09/27 v1.99g Standard LaTeX file
LaTeX Font Info:    Redeclaring font encoding T1 on input line 43.
))
("C:\Program Files (x86)\MiKTeX 2.9\tex\generic\babel\babel.sty"
Package: babel 2008/07/08 v3.8m The Babel package

*************************************
* Local config file bblopts.cfg used
*
("C:\Program Files (x86)\MiKTeX 2.9\tex\latex\00miktex\bblopts.cfg"
File: bblopts.cfg 2006/07/31 v1.0 MiKTeX 'babel' configuration
)
("C:\Program Files (x86)\MiKTeX 2.9\tex\generic\babel\spanish.ldf"
Language: spanish.ldf 2009/01/02 v5.0h Spanish support from the babel system

("C:\Program Files (x86)\MiKTeX 2.9\tex\generic\babel\babel.def"
File: babel.def 2008/07/08 v3.8m Babel common definitions
\babel@savecnt=\count88
\U@D=\dimen105
)
\es@datefmt=\count89
\es@quottoks=\toks15
\es@quotdepth=\count90
Package babel Info: Making " an active character on input line 492.
Package babel Info: Making . an active character on input line 585.
Package babel Info: Making < an active character on input line 630.
Package babel Info: Making > an active character on input line 630.
))
(C:\Users\Marc\Documents\UAB\Memory\Memory.aux
(C:\Users\Marc\Documents\UAB\Memory\section/cover.aux)
(C:\Users\Marc\Documents\UAB\Memory\section/introduction.aux)
(C:\Users\Marc\Documents\UAB\Memory\section/design_document.aux)
(C:\Users\Marc\Documents\UAB\Memory\section/development.aux)
(C:\Users\Marc\Documents\UAB\Memory\section/results.aux)
(C:\Users\Marc\Documents\UAB\Memory\section/conclusions.aux)
(C:\Users\Marc\Documents\UAB\Memory\section/bibliography.aux)
(C:\Users\Marc\Documents\UAB\Memory\section/appendix.aux)
(C:\Users\Marc\Documents\UAB\Memory\section/abstract.aux))
LaTeX Font Info:    Checking defaults for OML/cmm/m/it on input line 15.
LaTeX Font Info:    ... okay on input line 15.
LaTeX Font Info:    Checking defaults for T1/cmr/m/n on input line 15.
LaTeX Font Info:    ... okay on input line 15.
LaTeX Font Info:    Checking defaults for OT1/cmr/m/n on input line 15.
LaTeX Font Info:    ... okay on input line 15.
LaTeX Font Info:    Checking defaults for OMS/cmsy/m/n on input line 15.
LaTeX Font Info:    ... okay on input line 15.
LaTeX Font Info:    Checking defaults for OMX/cmex/m/n on input line 15.
LaTeX Font Info:    ... okay on input line 15.
LaTeX Font Info:    Checking defaults for U/cmr/m/n on input line 15.
LaTeX Font Info:    ... okay on input line 15.

(C:\Users\Marc\Documents\UAB\Memory\section/cover.tex
File: figures/uab.eps Graphic file (type eps)
 <figures/uab.eps>
File: figures/ee.eps Graphic file (type eps)

<figures/ee.eps>) [1



] [2


] (C:\Users\Marc\Documents\UAB\Memory\Memory.toc
LaTeX Font Info:    External font `cmex10' loaded for size
(Font)              <10.95> on input line 3.
LaTeX Font Info:    External font `cmex10' loaded for size
(Font)              <8> on input line 3.
LaTeX Font Info:    External font `cmex10' loaded for size
(Font)              <6> on input line 3.

[3

])
\tf@toc=\write3
 [4] (C:\Users\Marc\Documents\UAB\Memory\section/introduction.tex
Cap\'{\i }tulo 1.
) [1



] (C:\Users\Marc\Documents\UAB\Memory\section/design_document.tex [2



]
Cap\'{\i }tulo 2.
[3] [4] [5] [6] [7] [8] [9] [10]) [11]
(C:\Users\Marc\Documents\UAB\Memory\section/development.tex [12



]
Cap\'{\i }tulo 3.
) [13] (C:\Users\Marc\Documents\UAB\Memory\section/results.tex [14



]
Cap\'{\i }tulo 4.
) [15] (C:\Users\Marc\Documents\UAB\Memory\section/conclusions.tex [16



]
Cap\'{\i }tulo 5.
) [17] (C:\Users\Marc\Documents\UAB\Memory\section/bibliography.tex [18



]
Underfull \hbox (badness 10000) in paragraph at lines 7--8
[][]\T1/cmr/m/n/10.95 <http://www.playlogicgames.com/game/fairytale-fights>,
 []


Underfull \hbox (badness 10000) in paragraph at lines 13--14
[][]\T1/cmr/m/n/10.95 <http://windows.microsoft.com/es-ES/windows/home>, Mi-
 []


Underfull \hbox (badness 1014) in paragraph at lines 13--14
\T1/cmr/m/n/10.95 cro-soft Win-dows. Pá-gi-na web ofi-cial del sis-te-ma ope-ra
-ti-vo
 []


Underfull \hbox (badness 10000) in paragraph at lines 19--20
[][]\T1/cmr/m/n/10.95 <http://www.imdb.com/title/tt0424136/>, Hard Candy -
 []


Underfull \hbox (badness 10000) in paragraph at lines 21--22
[][]\T1/cmr/m/n/10.95 <http://en.wikipedia.org/wiki/Normal_mapping>, Nor-mal
 []

) [19] (C:\Users\Marc\Documents\UAB\Memory\section/appendix.tex [20



]
Ap\'{e}ndice A.
) [21] (C:\Users\Marc\Documents\UAB\Memory\section/abstract.tex) [22


]
(C:\Users\Marc\Documents\UAB\Memory\Memory.aux
(C:\Users\Marc\Documents\UAB\Memory\section/cover.aux)
(C:\Users\Marc\Documents\UAB\Memory\section/introduction.aux)
(C:\Users\Marc\Documents\UAB\Memory\section/design_document.aux)
(C:\Users\Marc\Documents\UAB\Memory\section/development.aux)
(C:\Users\Marc\Documents\UAB\Memory\section/results.aux)
(C:\Users\Marc\Documents\UAB\Memory\section/conclusions.aux)
(C:\Users\Marc\Documents\UAB\Memory\section/bibliography.aux)
(C:\Users\Marc\Documents\UAB\Memory\section/appendix.aux)
(C:\Users\Marc\Documents\UAB\Memory\section/abstract.aux)) ) 
Here is how much of TeX's memory you used:
 1523 strings out of 494046
 20150 string characters out of 3145994
 76151 words of memory out of 3000000
 4775 multiletter control sequences out of 15000+200000
 17652 words of font info for 38 fonts, out of 3000000 for 9000
 715 hyphenation exceptions out of 8191
 26i,5n,31p,889b,354s stack positions out of 5000i,500n,10000p,200000b,50000s

Output written on Memory.dvi (26 pages, 51168 bytes).
