\BOOKMARK [0][-]{chapter.1}{Introducción}{}% 1
\BOOKMARK [1][-]{section.1.1}{Requerimientos del proyecto}{chapter.1}% 2
\BOOKMARK [0][-]{chapter.2}{Documento de diseño}{}% 3
\BOOKMARK [1][-]{section.2.1}{Game concept}{chapter.2}% 4
\BOOKMARK [1][-]{section.2.2}{Descripción ampliada}{chapter.2}% 5
\BOOKMARK [2][-]{subsection.2.2.1}{Género}{section.2.2}% 6
\BOOKMARK [2][-]{subsection.2.2.2}{Propósito y público objetivo}{section.2.2}% 7
\BOOKMARK [2][-]{subsection.2.2.3}{Plataforma}{section.2.2}% 8
\BOOKMARK [1][-]{section.2.3}{Mecánicas}{chapter.2}% 9
\BOOKMARK [2][-]{subsection.2.3.1}{Punto de vista}{section.2.3}% 10
\BOOKMARK [2][-]{subsection.2.3.2}{Desarrollo general}{section.2.3}% 11
\BOOKMARK [2][-]{subsection.2.3.3}{Escenario}{section.2.3}% 12
\BOOKMARK [2][-]{subsection.2.3.4}{Sistema de juego}{section.2.3}% 13
\BOOKMARK [2][-]{subsection.2.3.5}{Elementos interactivos}{section.2.3}% 14
\BOOKMARK [2][-]{subsection.2.3.6}{Armas}{section.2.3}% 15
\BOOKMARK [2][-]{subsection.2.3.7}{Ítems}{section.2.3}% 16
\BOOKMARK [2][-]{subsection.2.3.8}{Acciones}{section.2.3}% 17
\BOOKMARK [2][-]{subsection.2.3.9}{Interfaz}{section.2.3}% 18
\BOOKMARK [2][-]{subsection.2.3.10}{Control}{section.2.3}% 19
\BOOKMARK [1][-]{section.2.4}{Arte}{chapter.2}% 20
\BOOKMARK [2][-]{subsection.2.4.1}{Caperucita}{section.2.4}% 21
\BOOKMARK [2][-]{subsection.2.4.2}{El Lobo}{section.2.4}% 22
\BOOKMARK [2][-]{subsection.2.4.3}{El bosque}{section.2.4}% 23
\BOOKMARK [2][-]{subsection.2.4.4}{La cabaña}{section.2.4}% 24
\BOOKMARK [2][-]{subsection.2.4.5}{La cueva}{section.2.4}% 25
\BOOKMARK [1][-]{section.2.5}{Historia}{chapter.2}% 26
\BOOKMARK [1][-]{section.2.6}{Tecnología}{chapter.2}% 27
\BOOKMARK [1][-]{section.2.7}{Sonido}{chapter.2}% 28
\BOOKMARK [0][-]{chapter.3}{Desarrollo}{}% 29
\BOOKMARK [1][-]{section.3.1}{Diseño}{chapter.3}% 30
\BOOKMARK [1][-]{section.3.2}{Arte}{chapter.3}% 31
\BOOKMARK [1][-]{section.3.3}{Programación}{chapter.3}% 32
\BOOKMARK [0][-]{chapter.4}{Resultados}{}% 33
\BOOKMARK [0][-]{chapter.5}{Conclusiones}{}% 34
\BOOKMARK [0][-]{chapter*.12}{Bibliografía}{}% 35
\BOOKMARK [0][-]{chapter*.12}{Apéndice}{}% 36
\BOOKMARK [0][-]{appendix.Alph1}{Manual de usuario}{}% 37
