Compilación iniciada a las 07/11/2011 19:01:23.
     1>Proyecto "C:\Users\Marc\documents\visual studio 2010\Projects\EngineUAB\Code\Videogame\Videogame.vcxproj" en el nodo 2 (build destinos).
     1>C:\Program Files (x86)\MSBuild\Microsoft.Cpp\v4.0\Microsoft.CppBuild.targets(299,5): warning MSB8004: El directorio Output no termina con una barra diagonal final. Esta instancia de compilación agregará la barra diagonal porque es necesaria para que se pueda evaluar correctamente el directorio Output.
     1>InitializeBuildStatus:
         Se creará "C:\Users\Marc\documents\visual studio 2010\Projects\EngineUAB\\bin\Intermediate\VideogameDebug\Videogame.unsuccessfulbuild" porque se especificó "AlwaysCreate".
       ClCompile:
         Todas las salidas están actualizadas.
       ManifestResourceCompile:
         Todas las salidas están actualizadas.
     1>C:\Program Files (x86)\MSBuild\Microsoft.Cpp\v4.0\Microsoft.CppBuild.targets(990,5): warning MSB8012: TargetPath(C:\Users\Marc\documents\visual studio 2010\Projects\EngineUAB\\bin\Videogame\Videogame.exe) no coincide con el valor de la propiedad OutputFile de Linker (C:\Users\Marc\documents\visual studio 2010\Projects\EngineUAB\bin\Videogame\Videogame_d.exe). Esto puede hacer que el proyecto no se compile correctamente. Para solucionar este problema, asegúrese de que los valores de propiedad $(OutDir), $(TargetName) y $(TargetExt) coinciden con el valor especificado en %(Link.OutputFile).
     1>C:\Program Files (x86)\MSBuild\Microsoft.Cpp\v4.0\Microsoft.CppBuild.targets(992,5): warning MSB8012: TargetName(Videogame) no coincide con el valor de la propiedad OutputFile de Linker (Videogame_d). Esto puede hacer que el proyecto no se compile correctamente. Para solucionar este problema, asegúrese de que los valores de propiedad $(OutDir), $(TargetName) y $(TargetExt) coinciden con el valor especificado en %(Link.OutputFile).
       Link:
         Todas las salidas están actualizadas.
       Manifest:
         Todas las salidas están actualizadas.
       FinalizeBuildStatus:
         Se eliminará el archivo "C:\Users\Marc\documents\visual studio 2010\Projects\EngineUAB\\bin\Intermediate\VideogameDebug\Videogame.unsuccessfulbuild".
         Aplicando tarea Touch a "C:\Users\Marc\documents\visual studio 2010\Projects\EngineUAB\\bin\Intermediate\VideogameDebug\Videogame.lastbuildstate".
     1>Compilación del proyecto terminada "C:\Users\Marc\documents\visual studio 2010\Projects\EngineUAB\Code\Videogame\Videogame.vcxproj" (build destinos).

Compilación correcta.

Tiempo transcurrido 00:00:00.08
