C:\Users\Marc\documents\visual studio 2010\Projects\EngineUAB\bin\Intermediate\VideogameDebug\cl.command.1.tlog
C:\Users\Marc\documents\visual studio 2010\Projects\EngineUAB\bin\Intermediate\VideogameDebug\CL.read.1.tlog
C:\Users\Marc\documents\visual studio 2010\Projects\EngineUAB\bin\Intermediate\VideogameDebug\CL.write.1.tlog
C:\Users\Marc\documents\visual studio 2010\Projects\EngineUAB\bin\Intermediate\VideogameDebug\link.3868.read.1.tlog
C:\Users\Marc\documents\visual studio 2010\Projects\EngineUAB\bin\Intermediate\VideogameDebug\link.3868.write.1.tlog
C:\Users\Marc\documents\visual studio 2010\Projects\EngineUAB\bin\Intermediate\VideogameDebug\link.3868-cvtres.read.1.tlog
C:\Users\Marc\documents\visual studio 2010\Projects\EngineUAB\bin\Intermediate\VideogameDebug\link.3868-cvtres.write.1.tlog
C:\Users\Marc\documents\visual studio 2010\Projects\EngineUAB\bin\Intermediate\VideogameDebug\link.4056.read.1.tlog
C:\Users\Marc\documents\visual studio 2010\Projects\EngineUAB\bin\Intermediate\VideogameDebug\link.4056.write.1.tlog
C:\Users\Marc\documents\visual studio 2010\Projects\EngineUAB\bin\Intermediate\VideogameDebug\link.4056-cvtres.read.1.tlog
C:\Users\Marc\documents\visual studio 2010\Projects\EngineUAB\bin\Intermediate\VideogameDebug\link.4056-cvtres.write.1.tlog
C:\Users\Marc\documents\visual studio 2010\Projects\EngineUAB\bin\Intermediate\VideogameDebug\link.command.1.tlog
C:\Users\Marc\documents\visual studio 2010\Projects\EngineUAB\bin\Intermediate\VideogameDebug\link.read.1.tlog
C:\Users\Marc\documents\visual studio 2010\Projects\EngineUAB\bin\Intermediate\VideogameDebug\link.write.1.tlog
C:\Users\Marc\documents\visual studio 2010\Projects\EngineUAB\bin\Intermediate\VideogameDebug\link-cvtres.read.1.tlog
C:\Users\Marc\documents\visual studio 2010\Projects\EngineUAB\bin\Intermediate\VideogameDebug\link-cvtres.write.1.tlog
C:\Users\Marc\documents\visual studio 2010\Projects\EngineUAB\bin\Intermediate\VideogameDebug\mt.command.1.tlog
C:\Users\Marc\documents\visual studio 2010\Projects\EngineUAB\bin\Intermediate\VideogameDebug\mt.read.1.tlog
C:\Users\Marc\documents\visual studio 2010\Projects\EngineUAB\bin\Intermediate\VideogameDebug\mt.write.1.tlog
C:\Users\Marc\documents\visual studio 2010\Projects\EngineUAB\bin\Intermediate\VideogameDebug\rc.command.1.tlog
C:\Users\Marc\documents\visual studio 2010\Projects\EngineUAB\bin\Intermediate\VideogameDebug\rc.read.1.tlog
C:\Users\Marc\documents\visual studio 2010\Projects\EngineUAB\bin\Intermediate\VideogameDebug\rc.write.1.tlog
C:\Users\Marc\documents\visual studio 2010\Projects\EngineUAB\bin\Intermediate\VideogameDebug\vc100.idb
C:\USERS\MARC\DOCUMENTS\VISUAL STUDIO 2010\PROJECTS\ENGINEUAB\BIN\INTERMEDIATE\VIDEOGAMEDEBUG\VC100.PDB
C:\USERS\MARC\DOCUMENTS\VISUAL STUDIO 2010\PROJECTS\ENGINEUAB\BIN\INTERMEDIATE\VIDEOGAMEDEBUG\VIDEOGAME.EXE.EMBED.MANIFEST
C:\USERS\MARC\DOCUMENTS\VISUAL STUDIO 2010\PROJECTS\ENGINEUAB\BIN\INTERMEDIATE\VIDEOGAMEDEBUG\VIDEOGAME.EXE.EMBED.MANIFEST.RES
C:\USERS\MARC\DOCUMENTS\VISUAL STUDIO 2010\PROJECTS\ENGINEUAB\BIN\INTERMEDIATE\VIDEOGAMEDEBUG\VIDEOGAME.EXE.INTERMEDIATE.MANIFEST
C:\USERS\MARC\DOCUMENTS\VISUAL STUDIO 2010\PROJECTS\ENGINEUAB\BIN\INTERMEDIATE\VIDEOGAMEDEBUG\VIDEOGAME.OBJ
C:\Users\Marc\documents\visual studio 2010\Projects\EngineUAB\bin\Intermediate\VideogameDebug\Videogame_manifest.rc
C:\USERS\MARC\DOCUMENTS\VISUAL STUDIO 2010\PROJECTS\ENGINEUAB\BIN\VIDEOGAME\VIDEOGAME_D.EXE
C:\USERS\MARC\DOCUMENTS\VISUAL STUDIO 2010\PROJECTS\ENGINEUAB\BIN\VIDEOGAME\VIDEOGAME_D.ILK
C:\USERS\MARC\DOCUMENTS\VISUAL STUDIO 2010\PROJECTS\ENGINEUAB\BIN\VIDEOGAME\VIDEOGAME_D.PDB
