Compilación iniciada a las 03/11/2011 21:30:27.
     1>Proyecto "C:\Users\Marc\documents\visual studio 2010\Projects\EngineUAB\Code\PhysX\PhysX.vcxproj" en el nodo 3 (rebuild destinos).
     1>_PrepareForClean:
         Se eliminará el archivo "C:\Users\Marc\documents\visual studio 2010\Projects\EngineUAB\\bin\Intermediate\PhysXDebug\PhysX.lastbuildstate".
       InitializeBuildStatus:
         Se creará "C:\Users\Marc\documents\visual studio 2010\Projects\EngineUAB\\bin\Intermediate\PhysXDebug\PhysX.unsuccessfulbuild" porque se especificó "AlwaysCreate".
       ClCompile:
         c:\Program Files (x86)\Microsoft Visual Studio 10.0\VC\bin\CL.exe /c /ZI /nologo /W3 /WX /Od /Oy- /D WIN32 /D _DEBUG /D _LIB /D _MBCS /Gm /EHsc /RTC1 /MDd /GS /fp:precise /Zc:wchar_t /Zc:forScope /Fo"C:\Users\Marc\documents\visual studio 2010\Projects\EngineUAB\\bin\Intermediate\PhysXDebug\\" /Fd"C:\Users\Marc\documents\visual studio 2010\Projects\EngineUAB\\bin\Intermediate\PhysXDebug\vc100.pdb" /Gd /TP /analyze- /errorReport:prompt dummy.cpp
         dummy.cpp
     1>C:\Program Files (x86)\MSBuild\Microsoft.Cpp\v4.0\Microsoft.CppBuild.targets(1151,5): warning MSB8012: TargetPath(C:\Users\Marc\documents\visual studio 2010\Projects\EngineUAB\\bin\PhysX.lib) no coincide con el valor de la propiedad OutputFile de Library (C:\Users\Marc\documents\visual studio 2010\Projects\EngineUAB\bin\Lib\PhysX_d.lib). Esto puede hacer que el proyecto no se compile correctamente. Para solucionar este problema, asegúrese de que los valores de propiedad $(OutDir), $(TargetName) y $(TargetExt) coinciden con el valor especificado en %(Lib.OutputFile).
     1>C:\Program Files (x86)\MSBuild\Microsoft.Cpp\v4.0\Microsoft.CppBuild.targets(1153,5): warning MSB8012: TargetName(PhysX) no coincide con el valor de la propiedad OutputFile de Library (PhysX_d). Esto puede hacer que el proyecto no se compile correctamente. Para solucionar este problema, asegúrese de que los valores de propiedad $(OutDir), $(TargetName) y $(TargetExt) coinciden con el valor especificado en %(Lib.OutputFile).
       Lib:
         c:\Program Files (x86)\Microsoft Visual Studio 10.0\VC\bin\Lib.exe /OUT:"C:\Users\Marc\documents\visual studio 2010\Projects\EngineUAB\\bin\\Lib\PhysX_d.lib" /NOLOGO "C:\Users\Marc\documents\visual studio 2010\Projects\EngineUAB\\bin\Intermediate\PhysXDebug\dummy.obj"
         PhysX.vcxproj -> C:\Users\Marc\documents\visual studio 2010\Projects\EngineUAB\\bin\PhysX.lib
       FinalizeBuildStatus:
         Se eliminará el archivo "C:\Users\Marc\documents\visual studio 2010\Projects\EngineUAB\\bin\Intermediate\PhysXDebug\PhysX.unsuccessfulbuild".
         Aplicando tarea Touch a "C:\Users\Marc\documents\visual studio 2010\Projects\EngineUAB\\bin\Intermediate\PhysXDebug\PhysX.lastbuildstate".
     1>Compilación del proyecto terminada "C:\Users\Marc\documents\visual studio 2010\Projects\EngineUAB\Code\PhysX\PhysX.vcxproj" (rebuild destinos).

Compilación correcta.

Tiempo transcurrido 00:00:00.84
