Compilación iniciada a las 08/11/2011 16:03:55.
     1>Proyecto "C:\Users\Marc\Documents\UAB\Màster de Creació de Videojocs\EngineUAB\Code\Videogame\Videogame.vcxproj" en el nodo 4 (build destinos).
     1>C:\Program Files (x86)\MSBuild\Microsoft.Cpp\v4.0\Microsoft.CppBuild.targets(299,5): warning MSB8004: El directorio Output no termina con una barra diagonal final. Esta instancia de compilación agregará la barra diagonal porque es necesaria para que se pueda evaluar correctamente el directorio Output.
     1>InitializeBuildStatus:
         Se creará "C:\Users\Marc\Documents\UAB\Màster de Creació de Videojocs\EngineUAB\\bin\Intermediate\VideogameRelease\Videogame.unsuccessfulbuild" porque se especificó "AlwaysCreate".
       ClCompile:
         Todas las salidas están actualizadas.
       Link:
         c:\Program Files (x86)\Microsoft Visual Studio 10.0\VC\bin\link.exe /ERRORREPORT:PROMPT /OUT:"C:\Users\Marc\Documents\UAB\Màster de Creació de Videojocs\EngineUAB\\bin\Videogame\\Videogame.exe" /INCREMENTAL:NO /NOLOGO /LIBPATH:"C:\Users\Marc\Documents\UAB\Màster de Creació de Videojocs\EngineUAB\\Code\3dParty\libxml2-2.7.2.win32\lib" /LIBPATH:"C:\Users\Marc\Documents\UAB\Màster de Creació de Videojocs\EngineUAB\\bin\lib" libxml2.lib base.lib kernel32.lib user32.lib gdi32.lib winspool.lib comdlg32.lib advapi32.lib shell32.lib ole32.lib oleaut32.lib uuid.lib odbc32.lib odbccp32.lib /MANIFEST /ManifestFile:"C:\Users\Marc\Documents\UAB\Màster de Creació de Videojocs\EngineUAB\\bin\Intermediate\VideogameRelease\Videogame.exe.intermediate.manifest" /MANIFESTUAC:"level='asInvoker' uiAccess='false'" /DEBUG /PDB:"C:\Users\Marc\Documents\UAB\Màster de Creació de Videojocs\EngineUAB\bin\Videogame\Videogame.pdb" /SUBSYSTEM:WINDOWS /OPT:REF /OPT:ICF /LTCG /TLBID:1 /DYNAMICBASE /NXCOMPAT /IMPLIB:"C:\Users\Marc\Documents\UAB\Màster de Creació de Videojocs\EngineUAB\\bin\Videogame\Videogame.lib" /MACHINE:X86 "C:\Users\Marc\Documents\UAB\Màster de Creació de Videojocs\EngineUAB\\bin\Intermediate\VideogameRelease\videogame.obj"
         Generando código
         Generación de código finalizada
         Videogame.vcxproj -> C:\Users\Marc\Documents\UAB\Màster de Creació de Videojocs\EngineUAB\\bin\Videogame\Videogame.exe
       Manifest:
         C:\Program Files (x86)\Microsoft SDKs\Windows\v7.0A\bin\mt.exe /nologo /verbose /outputresource:"C:\Users\Marc\Documents\UAB\Màster de Creació de Videojocs\EngineUAB\\bin\Videogame\\Videogame.exe;#1" /manifest "C:\Users\Marc\Documents\UAB\Màster de Creació de Videojocs\EngineUAB\\bin\Intermediate\VideogameRelease\Videogame.exe.intermediate.manifest"
       FinalizeBuildStatus:
         Se eliminará el archivo "C:\Users\Marc\Documents\UAB\Màster de Creació de Videojocs\EngineUAB\\bin\Intermediate\VideogameRelease\Videogame.unsuccessfulbuild".
         Aplicando tarea Touch a "C:\Users\Marc\Documents\UAB\Màster de Creació de Videojocs\EngineUAB\\bin\Intermediate\VideogameRelease\Videogame.lastbuildstate".
     1>Compilación del proyecto terminada "C:\Users\Marc\Documents\UAB\Màster de Creació de Videojocs\EngineUAB\Code\Videogame\Videogame.vcxproj" (build destinos).

Compilación correcta.

Tiempo transcurrido 00:00:00.64
